<?xml version="1.0" encoding="UTF-8"?>
<!-- Generated by org.testng.reporters.JUnitReportReporter -->
<testsuite hostname="DESKTOP-LC911AC" failures="0" tests="3" name="com.tmb.tests.OrangeHRMTests" time="1.566" errors="1" timestamp="2022-12-07T11:14:56 IST" skipped="2">
  <testcase classname="com.tmb.tests.OrangeHRMTests" name="loginLogoutTest" time="0.000">
    <skipped/>
  </testcase> <!-- loginLogoutTest -->
  <system-out/>
  <testcase classname="com.tmb.tests.OrangeHRMTests" name="loginLogoutTest" time="0.000">
    <skipped/>
  </testcase> <!-- loginLogoutTest -->
  <system-out/>
  <testcase classname="com.tmb.tests.OrangeHRMTests" name="setUp" time="1.566">
    <error message="session not created: This version of ChromeDriver only supports Chrome version 106
Current browser version is 108.0.5359.73 with binary path C:\Program Files (x86)\Google\Chrome\Application\chrome.exe
Build info: version: &#039;3.141.59&#039;, revision: &#039;e82be7d358&#039;, time: &#039;2018-11-14T08:17:03&#039;
System info: host: &#039;DESKTOP-LC911AC&#039;, ip: &#039;192.168.0.103&#039;, os.name: &#039;Windows 10&#039;, os.arch: &#039;amd64&#039;, os.version: &#039;10.0&#039;, java.version: &#039;18.0.2.1&#039;
Driver info: driver.version: Driver
remote stacktrace: Backtrace:
	Ordinal0 [0x005B1ED3+2236115]
	Ordinal0 [0x005492F1+1807089]
	Ordinal0 [0x004566FD+812797]
	Ordinal0 [0x00478C6D+953453]
	Ordinal0 [0x00474200+934400]
	Ordinal0 [0x004719C9+924105]
	Ordinal0 [0x004A806C+1146988]
	Ordinal0 [0x004A7A6A+1145450]
	Ordinal0 [0x004A18A6+1120422]
	Ordinal0 [0x0047A73D+960317]
	Ordinal0 [0x0047B71F+964383]
	GetHandleVerifier [0x0085E7E2+2743074]
	GetHandleVerifier [0x008508D4+2685972]
	GetHandleVerifier [0x00642BAA+532202]
	GetHandleVerifier [0x00641990+527568]
	Ordinal0 [0x0055080C+1837068]
	Ordinal0 [0x00554CD8+1854680]
	Ordinal0 [0x00554DC5+1854917]
	Ordinal0 [0x0055ED64+1895780]
	BaseThreadInitThunk [0x7560FEF9+25]
	RtlGetAppContainerNamedObjectPath [0x772B7BBE+286]
	RtlGetAppContainerNamedObjectPath [0x772B7B8E+238]
" type="org.openqa.selenium.SessionNotCreatedException">
      <![CDATA[org.openqa.selenium.SessionNotCreatedException: session not created: This version of ChromeDriver only supports Chrome version 106
Current browser version is 108.0.5359.73 with binary path C:\Program Files (x86)\Google\Chrome\Application\chrome.exe
Build info: version: '3.141.59', revision: 'e82be7d358', time: '2018-11-14T08:17:03'
System info: host: 'DESKTOP-LC911AC', ip: '192.168.0.103', os.name: 'Windows 10', os.arch: 'amd64', os.version: '10.0', java.version: '18.0.2.1'
Driver info: driver.version: Driver
remote stacktrace: Backtrace:
Ordinal0 [0x005B1ED3+2236115]
Ordinal0 [0x005492F1+1807089]
Ordinal0 [0x004566FD+812797]
Ordinal0 [0x00478C6D+953453]
Ordinal0 [0x00474200+934400]
Ordinal0 [0x004719C9+924105]
Ordinal0 [0x004A806C+1146988]
Ordinal0 [0x004A7A6A+1145450]
Ordinal0 [0x004A18A6+1120422]
Ordinal0 [0x0047A73D+960317]
Ordinal0 [0x0047B71F+964383]
GetHandleVerifier [0x0085E7E2+2743074]
GetHandleVerifier [0x008508D4+2685972]
GetHandleVerifier [0x00642BAA+532202]
GetHandleVerifier [0x00641990+527568]
Ordinal0 [0x0055080C+1837068]
Ordinal0 [0x00554CD8+1854680]
Ordinal0 [0x00554DC5+1854917]
Ordinal0 [0x0055ED64+1895780]
BaseThreadInitThunk [0x7560FEF9+25]
RtlGetAppContainerNamedObjectPath [0x772B7BBE+286]
RtlGetAppContainerNamedObjectPath [0x772B7B8E+238]

at java.base/jdk.internal.reflect.DirectConstructorHandleAccessor.newInstance(DirectConstructorHandleAccessor.java:67)
at java.base/java.lang.reflect.Constructor.newInstanceWithCaller(Constructor.java:499)
at java.base/java.lang.reflect.Constructor.newInstance(Constructor.java:483)
at org.openqa.selenium.remote.W3CHandshakeResponse.lambda$errorHandler$0(W3CHandshakeResponse.java:62)
at org.openqa.selenium.remote.HandshakeResponse.lambda$getResponseFunction$0(HandshakeResponse.java:30)
at org.openqa.selenium.remote.ProtocolHandshake.lambda$createSession$0(ProtocolHandshake.java:126)
at java.base/java.util.stream.ReferencePipeline$3$1.accept(ReferencePipeline.java:197)
at java.base/java.util.Spliterators$ArraySpliterator.tryAdvance(Spliterators.java:1002)
at java.base/java.util.stream.ReferencePipeline.forEachWithCancel(ReferencePipeline.java:129)
at java.base/java.util.stream.AbstractPipeline.copyIntoWithCancel(AbstractPipeline.java:527)
at java.base/java.util.stream.AbstractPipeline.copyInto(AbstractPipeline.java:513)
at java.base/java.util.stream.AbstractPipeline.wrapAndCopyInto(AbstractPipeline.java:499)
at java.base/java.util.stream.FindOps$FindOp.evaluateSequential(FindOps.java:150)
at java.base/java.util.stream.AbstractPipeline.evaluate(AbstractPipeline.java:234)
at java.base/java.util.stream.ReferencePipeline.findFirst(ReferencePipeline.java:647)
at org.openqa.selenium.remote.ProtocolHandshake.createSession(ProtocolHandshake.java:128)
at org.openqa.selenium.remote.ProtocolHandshake.createSession(ProtocolHandshake.java:74)
at org.openqa.selenium.remote.HttpCommandExecutor.execute(HttpCommandExecutor.java:136)
at org.openqa.selenium.remote.service.DriverCommandExecutor.execute(DriverCommandExecutor.java:83)
at org.openqa.selenium.remote.RemoteWebDriver.execute(RemoteWebDriver.java:552)
at org.openqa.selenium.remote.RemoteWebDriver.startSession(RemoteWebDriver.java:213)
at org.openqa.selenium.remote.RemoteWebDriver.<init>(RemoteWebDriver.java:131)
at org.openqa.selenium.chrome.ChromeDriver.<init>(ChromeDriver.java:181)
at org.openqa.selenium.chrome.ChromeDriver.<init>(ChromeDriver.java:168)
at org.openqa.selenium.chrome.ChromeDriver.<init>(ChromeDriver.java:123)
at com.tmb.driver.Driver.initDriver(Driver.java:23)
at com.tmb.tests.BaseTest.setUp(BaseTest.java:32)
at java.base/jdk.internal.reflect.DirectMethodHandleAccessor.invoke(DirectMethodHandleAccessor.java:104)
at java.base/java.lang.reflect.Method.invoke(Method.java:577)
at org.testng.internal.MethodInvocationHelper.invokeMethod(MethodInvocationHelper.java:133)
at org.testng.internal.MethodInvocationHelper.invokeMethodConsideringTimeout(MethodInvocationHelper.java:62)
at org.testng.internal.ConfigInvoker.invokeConfigurationMethod(ConfigInvoker.java:385)
at org.testng.internal.ConfigInvoker.invokeConfigurations(ConfigInvoker.java:321)
at org.testng.internal.TestInvoker.runConfigMethods(TestInvoker.java:700)
at org.testng.internal.TestInvoker.invokeMethod(TestInvoker.java:527)
at org.testng.internal.TestInvoker.invokeTestMethod(TestInvoker.java:173)
at org.testng.internal.MethodRunner.runInSequence(MethodRunner.java:46)
at org.testng.internal.TestInvoker$MethodInvocationAgent.invoke(TestInvoker.java:824)
at org.testng.internal.TestInvoker.invokeTestMethods(TestInvoker.java:146)
at org.testng.internal.TestMethodWorker.invokeTestMethods(TestMethodWorker.java:146)
at org.testng.internal.TestMethodWorker.run(TestMethodWorker.java:128)
at java.base/java.util.concurrent.ThreadPoolExecutor.runWorker(ThreadPoolExecutor.java:1136)
at java.base/java.util.concurrent.ThreadPoolExecutor$Worker.run(ThreadPoolExecutor.java:635)
at java.base/java.lang.Thread.run(Thread.java:833)
]]>
    </error>
  </testcase> <!-- setUp -->
  <system-out/>
</testsuite> <!-- com.tmb.tests.OrangeHRMTests -->
